<?xml version="1.0" encoding="UTF-8"?>
<!-- Generated by org.testng.reporters.JUnitXMLReporter -->
<testsuite hostname="DESKTOP-RLVQPSS" name="Test1" tests="4" failures="0" timestamp="2 Nov 2018 04:50:14 GMT" time="19.064" errors="0">
  <testcase name="crossbrowserTesting1" time="0.0" classname="SeleniumLearning.CrossBrowser">
    <skipped/>
  </testcase> <!-- crossbrowserTesting1 -->
  <testcase name="crossbrowserTesting2" time="0.0" classname="SeleniumLearning.CrossBrowser">
    <skipped/>
  </testcase> <!-- crossbrowserTesting2 -->
  <testcase name="crossbrowserTesting3" time="0.0" classname="SeleniumLearning.CrossBrowser">
    <skipped/>
  </testcase> <!-- crossbrowserTesting3 -->
  <testcase name="crossbrowserTesting" time="19.057" classname="SeleniumLearning.CrossBrowser"/>
</testsuite> <!-- Test1 -->
