<?xml version="1.0" encoding="UTF-8"?>
<!-- Generated by org.testng.reporters.JUnitXMLReporter -->
<testsuite hostname="DESKTOP-RLVQPSS" name="Test" tests="4" failures="0" timestamp="2 Nov 2018 04:49:55 GMT" time="8.762" errors="0">
  <testcase name="crossbrowserTesting1" time="0.006" classname="SeleniumLearning.CrossBrowser">
    <skipped/>
  </testcase> <!-- crossbrowserTesting1 -->
  <testcase name="crossbrowserTesting2" time="0.0" classname="SeleniumLearning.CrossBrowser">
    <skipped/>
  </testcase> <!-- crossbrowserTesting2 -->
  <testcase name="crossbrowserTesting3" time="0.0" classname="SeleniumLearning.CrossBrowser">
    <skipped/>
  </testcase> <!-- crossbrowserTesting3 -->
  <testcase name="crossbrowserTesting" time="8.727" classname="SeleniumLearning.CrossBrowser"/>
</testsuite> <!-- Test -->
