<?xml version="1.0" encoding="UTF-8"?>
<testng-results skipped="0" failed="0" total="1" passed="1">
  <reporter-output>
  </reporter-output>
  <suite name="Default suite" duration-ms="1544" started-at="2018-11-16T08:47:44Z" finished-at="2018-11-16T08:47:45Z">
    <groups>
    </groups>
    <test name="Default test" duration-ms="1544" started-at="2018-11-16T08:47:44Z" finished-at="2018-11-16T08:47:45Z">
      <class name="SeleniumLearning.Excel">
        <test-method status="PASS" signature="HandlingExcelSheet()[pri:0, instance:SeleniumLearning.Excel@19963d8]" name="HandlingExcelSheet" duration-ms="1512" started-at="2018-11-16T14:17:44Z" finished-at="2018-11-16T14:17:45Z">
          <reporter-output>
          </reporter-output>
        </test-method> <!-- HandlingExcelSheet -->
      </class> <!-- SeleniumLearning.Excel -->
    </test> <!-- Default test -->
  </suite> <!-- Default suite -->
</testng-results>
